Performing C SOURCE FILE Test HAVE_GCC_PREFERRED_STACK_BOUNDARY failed with the following output:
Change Dir: /home/shankar/Desktop/Emulator/build/CMakeFiles/CMakeTmp

Run Build Command(s):/usr/bin/gmake -f Makefile cmTC_15915/fast && /usr/bin/gmake  -f CMakeFiles/cmTC_15915.dir/build.make CMakeFiles/cmTC_15915.dir/build
gmake[1]: Entering directory '/home/shankar/Desktop/Emulator/build/CMakeFiles/CMakeTmp'
Building C object CMakeFiles/cmTC_15915.dir/src.c.o
/usr/bin/cc -DHAVE_GCC_PREFERRED_STACK_BOUNDARY  -idirafter "/home/shankar/Desktop/Emulator/3rdParty/sdl-2.0.20/src/video/khronos" -mpreferred-stack-boundary=2 -o CMakeFiles/cmTC_15915.dir/src.c.o -c /home/shankar/Desktop/Emulator/build/CMakeFiles/CMakeTmp/src.c
cc1: error: ‘-mpreferred-stack-boundary=2’ is not between 3 and 12
gmake[1]: *** [CMakeFiles/cmTC_15915.dir/build.make:78: CMakeFiles/cmTC_15915.dir/src.c.o] Error 1
gmake[1]: Leaving directory '/home/shankar/Desktop/Emulator/build/CMakeFiles/CMakeTmp'
gmake: *** [Makefile:127: cmTC_15915/fast] Error 2


Source file was:
int x = 0; int main(int argc, char **argv) {}
Performing C SOURCE FILE Test HAVE_ALTIVEC_H_HDR failed with the following output:
Change Dir: /home/shankar/Desktop/Emulator/build/CMakeFiles/CMakeTmp

Run Build Command(s):/usr/bin/gmake -f Makefile cmTC_5f266/fast && /usr/bin/gmake  -f CMakeFiles/cmTC_5f266.dir/build.make CMakeFiles/cmTC_5f266.dir/build
gmake[1]: Entering directory '/home/shankar/Desktop/Emulator/build/CMakeFiles/CMakeTmp'
Building C object CMakeFiles/cmTC_5f266.dir/src.c.o
/usr/bin/cc -DHAVE_ALTIVEC_H_HDR  -idirafter "/home/shankar/Desktop/Emulator/3rdParty/sdl-2.0.20/src/video/khronos" -maltivec -o CMakeFiles/cmTC_5f266.dir/src.c.o -c /home/shankar/Desktop/Emulator/build/CMakeFiles/CMakeTmp/src.c
cc: error: unrecognized command-line option ‘-maltivec’
gmake[1]: *** [CMakeFiles/cmTC_5f266.dir/build.make:78: CMakeFiles/cmTC_5f266.dir/src.c.o] Error 1
gmake[1]: Leaving directory '/home/shankar/Desktop/Emulator/build/CMakeFiles/CMakeTmp'
gmake: *** [Makefile:127: cmTC_5f266/fast] Error 2


Source file was:

          #include <altivec.h>
          vector unsigned int vzero() {
              return vec_splat_u32(0);
          }
          int main(int argc, char **argv) { }
Performing C SOURCE FILE Test HAVE_ALTIVEC failed with the following output:
Change Dir: /home/shankar/Desktop/Emulator/build/CMakeFiles/CMakeTmp

Run Build Command(s):/usr/bin/gmake -f Makefile cmTC_5f348/fast && /usr/bin/gmake  -f CMakeFiles/cmTC_5f348.dir/build.make CMakeFiles/cmTC_5f348.dir/build
gmake[1]: Entering directory '/home/shankar/Desktop/Emulator/build/CMakeFiles/CMakeTmp'
Building C object CMakeFiles/cmTC_5f348.dir/src.c.o
/usr/bin/cc -DHAVE_ALTIVEC  -idirafter "/home/shankar/Desktop/Emulator/3rdParty/sdl-2.0.20/src/video/khronos" -maltivec -o CMakeFiles/cmTC_5f348.dir/src.c.o -c /home/shankar/Desktop/Emulator/build/CMakeFiles/CMakeTmp/src.c
cc: error: unrecognized command-line option ‘-maltivec’
gmake[1]: *** [CMakeFiles/cmTC_5f348.dir/build.make:78: CMakeFiles/cmTC_5f348.dir/src.c.o] Error 1
gmake[1]: Leaving directory '/home/shankar/Desktop/Emulator/build/CMakeFiles/CMakeTmp'
gmake: *** [Makefile:127: cmTC_5f348/fast] Error 2


Source file was:

          vector unsigned int vzero() {
              return vec_splat_u32(0);
          }
          int main(int argc, char **argv) { }
Determining if the include file libunwind.h exists failed with the following output:
Change Dir: /home/shankar/Desktop/Emulator/build/CMakeFiles/CMakeTmp

Run Build Command(s):/usr/bin/gmake -f Makefile cmTC_637fe/fast && /usr/bin/gmake  -f CMakeFiles/cmTC_637fe.dir/build.make CMakeFiles/cmTC_637fe.dir/build
gmake[1]: Entering directory '/home/shankar/Desktop/Emulator/build/CMakeFiles/CMakeTmp'
Building C object CMakeFiles/cmTC_637fe.dir/CheckIncludeFile.c.o
/usr/bin/cc   -idirafter "/home/shankar/Desktop/Emulator/3rdParty/sdl-2.0.20/src/video/khronos"  -o CMakeFiles/cmTC_637fe.dir/CheckIncludeFile.c.o -c /home/shankar/Desktop/Emulator/build/CMakeFiles/CMakeTmp/CheckIncludeFile.c
/home/shankar/Desktop/Emulator/build/CMakeFiles/CMakeTmp/CheckIncludeFile.c:1:10: fatal error: libunwind.h: No such file or directory
    1 | #include <libunwind.h>
      |          ^~~~~~~~~~~~~
compilation terminated.
gmake[1]: *** [CMakeFiles/cmTC_637fe.dir/build.make:78: CMakeFiles/cmTC_637fe.dir/CheckIncludeFile.c.o] Error 1
gmake[1]: Leaving directory '/home/shankar/Desktop/Emulator/build/CMakeFiles/CMakeTmp'
gmake: *** [Makefile:127: cmTC_637fe/fast] Error 2



Determining if the strlcpy exist failed with the following output:
Change Dir: /home/shankar/Desktop/Emulator/build/CMakeFiles/CMakeTmp

Run Build Command(s):/usr/bin/gmake -f Makefile cmTC_fff4e/fast && /usr/bin/gmake  -f CMakeFiles/cmTC_fff4e.dir/build.make CMakeFiles/cmTC_fff4e.dir/build
gmake[1]: Entering directory '/home/shankar/Desktop/Emulator/build/CMakeFiles/CMakeTmp'
Building C object CMakeFiles/cmTC_fff4e.dir/CheckSymbolExists.c.o
/usr/bin/cc   -idirafter "/home/shankar/Desktop/Emulator/3rdParty/sdl-2.0.20/src/video/khronos"  -o CMakeFiles/cmTC_fff4e.dir/CheckSymbolExists.c.o -c /home/shankar/Desktop/Emulator/build/CMakeFiles/CMakeTmp/CheckSymbolExists.c
/home/shankar/Desktop/Emulator/build/CMakeFiles/CMakeTmp/CheckSymbolExists.c: In function ‘main’:
/home/shankar/Desktop/Emulator/build/CMakeFiles/CMakeTmp/CheckSymbolExists.c:14:19: error: ‘strlcpy’ undeclared (first use in this function); did you mean ‘strncpy’?
   14 |   return ((int*)(&strlcpy))[argc];
      |                   ^~~~~~~
      |                   strncpy
/home/shankar/Desktop/Emulator/build/CMakeFiles/CMakeTmp/CheckSymbolExists.c:14:19: note: each undeclared identifier is reported only once for each function it appears in
gmake[1]: *** [CMakeFiles/cmTC_fff4e.dir/build.make:78: CMakeFiles/cmTC_fff4e.dir/CheckSymbolExists.c.o] Error 1
gmake[1]: Leaving directory '/home/shankar/Desktop/Emulator/build/CMakeFiles/CMakeTmp'
gmake: *** [Makefile:127: cmTC_fff4e/fast] Error 2


File /home/shankar/Desktop/Emulator/build/CMakeFiles/CMakeTmp/CheckSymbolExists.c:
/* */
#include <stddef.h>
#include <stdarg.h>
#include <stdlib.h>
#include <string.h>
#include <stdio.h>
#include <wchar.h>
#include <float.h>

int main(int argc, char** argv)
{
  (void)argv;
#ifndef strlcpy
  return ((int*)(&strlcpy))[argc];
#else
  (void)argc;
  return 0;
#endif
}
Determining if the strlcat exist failed with the following output:
Change Dir: /home/shankar/Desktop/Emulator/build/CMakeFiles/CMakeTmp

Run Build Command(s):/usr/bin/gmake -f Makefile cmTC_0d094/fast && /usr/bin/gmake  -f CMakeFiles/cmTC_0d094.dir/build.make CMakeFiles/cmTC_0d094.dir/build
gmake[1]: Entering directory '/home/shankar/Desktop/Emulator/build/CMakeFiles/CMakeTmp'
Building C object CMakeFiles/cmTC_0d094.dir/CheckSymbolExists.c.o
/usr/bin/cc   -idirafter "/home/shankar/Desktop/Emulator/3rdParty/sdl-2.0.20/src/video/khronos"  -o CMakeFiles/cmTC_0d094.dir/CheckSymbolExists.c.o -c /home/shankar/Desktop/Emulator/build/CMakeFiles/CMakeTmp/CheckSymbolExists.c
/home/shankar/Desktop/Emulator/build/CMakeFiles/CMakeTmp/CheckSymbolExists.c: In function ‘main’:
/home/shankar/Desktop/Emulator/build/CMakeFiles/CMakeTmp/CheckSymbolExists.c:14:19: error: ‘strlcat’ undeclared (first use in this function); did you mean ‘strncat’?
   14 |   return ((int*)(&strlcat))[argc];
      |                   ^~~~~~~
      |                   strncat
/home/shankar/Desktop/Emulator/build/CMakeFiles/CMakeTmp/CheckSymbolExists.c:14:19: note: each undeclared identifier is reported only once for each function it appears in
gmake[1]: *** [CMakeFiles/cmTC_0d094.dir/build.make:78: CMakeFiles/cmTC_0d094.dir/CheckSymbolExists.c.o] Error 1
gmake[1]: Leaving directory '/home/shankar/Desktop/Emulator/build/CMakeFiles/CMakeTmp'
gmake: *** [Makefile:127: cmTC_0d094/fast] Error 2


File /home/shankar/Desktop/Emulator/build/CMakeFiles/CMakeTmp/CheckSymbolExists.c:
/* */
#include <stddef.h>
#include <stdarg.h>
#include <stdlib.h>
#include <string.h>
#include <stdio.h>
#include <wchar.h>
#include <float.h>

int main(int argc, char** argv)
{
  (void)argv;
#ifndef strlcat
  return ((int*)(&strlcat))[argc];
#else
  (void)argc;
  return 0;
#endif
}
Determining if the _strrev exist failed with the following output:
Change Dir: /home/shankar/Desktop/Emulator/build/CMakeFiles/CMakeTmp

Run Build Command(s):/usr/bin/gmake -f Makefile cmTC_dffa9/fast && /usr/bin/gmake  -f CMakeFiles/cmTC_dffa9.dir/build.make CMakeFiles/cmTC_dffa9.dir/build
gmake[1]: Entering directory '/home/shankar/Desktop/Emulator/build/CMakeFiles/CMakeTmp'
Building C object CMakeFiles/cmTC_dffa9.dir/CheckSymbolExists.c.o
/usr/bin/cc   -idirafter "/home/shankar/Desktop/Emulator/3rdParty/sdl-2.0.20/src/video/khronos"  -o CMakeFiles/cmTC_dffa9.dir/CheckSymbolExists.c.o -c /home/shankar/Desktop/Emulator/build/CMakeFiles/CMakeTmp/CheckSymbolExists.c
/home/shankar/Desktop/Emulator/build/CMakeFiles/CMakeTmp/CheckSymbolExists.c: In function ‘main’:
/home/shankar/Desktop/Emulator/build/CMakeFiles/CMakeTmp/CheckSymbolExists.c:14:19: error: ‘_strrev’ undeclared (first use in this function)
   14 |   return ((int*)(&_strrev))[argc];
      |                   ^~~~~~~
/home/shankar/Desktop/Emulator/build/CMakeFiles/CMakeTmp/CheckSymbolExists.c:14:19: note: each undeclared identifier is reported only once for each function it appears in
gmake[1]: *** [CMakeFiles/cmTC_dffa9.dir/build.make:78: CMakeFiles/cmTC_dffa9.dir/CheckSymbolExists.c.o] Error 1
gmake[1]: Leaving directory '/home/shankar/Desktop/Emulator/build/CMakeFiles/CMakeTmp'
gmake: *** [Makefile:127: cmTC_dffa9/fast] Error 2


File /home/shankar/Desktop/Emulator/build/CMakeFiles/CMakeTmp/CheckSymbolExists.c:
/* */
#include <stddef.h>
#include <stdarg.h>
#include <stdlib.h>
#include <string.h>
#include <stdio.h>
#include <wchar.h>
#include <float.h>

int main(int argc, char** argv)
{
  (void)argv;
#ifndef _strrev
  return ((int*)(&_strrev))[argc];
#else
  (void)argc;
  return 0;
#endif
}
Determining if the _strupr exist failed with the following output:
Change Dir: /home/shankar/Desktop/Emulator/build/CMakeFiles/CMakeTmp

Run Build Command(s):/usr/bin/gmake -f Makefile cmTC_3cb4e/fast && /usr/bin/gmake  -f CMakeFiles/cmTC_3cb4e.dir/build.make CMakeFiles/cmTC_3cb4e.dir/build
gmake[1]: Entering directory '/home/shankar/Desktop/Emulator/build/CMakeFiles/CMakeTmp'
Building C object CMakeFiles/cmTC_3cb4e.dir/CheckSymbolExists.c.o
/usr/bin/cc   -idirafter "/home/shankar/Desktop/Emulator/3rdParty/sdl-2.0.20/src/video/khronos"  -o CMakeFiles/cmTC_3cb4e.dir/CheckSymbolExists.c.o -c /home/shankar/Desktop/Emulator/build/CMakeFiles/CMakeTmp/CheckSymbolExists.c
/home/shankar/Desktop/Emulator/build/CMakeFiles/CMakeTmp/CheckSymbolExists.c: In function ‘main’:
/home/shankar/Desktop/Emulator/build/CMakeFiles/CMakeTmp/CheckSymbolExists.c:14:19: error: ‘_strupr’ undeclared (first use in this function)
   14 |   return ((int*)(&_strupr))[argc];
      |                   ^~~~~~~
/home/shankar/Desktop/Emulator/build/CMakeFiles/CMakeTmp/CheckSymbolExists.c:14:19: note: each undeclared identifier is reported only once for each function it appears in
gmake[1]: *** [CMakeFiles/cmTC_3cb4e.dir/build.make:78: CMakeFiles/cmTC_3cb4e.dir/CheckSymbolExists.c.o] Error 1
gmake[1]: Leaving directory '/home/shankar/Desktop/Emulator/build/CMakeFiles/CMakeTmp'
gmake: *** [Makefile:127: cmTC_3cb4e/fast] Error 2


File /home/shankar/Desktop/Emulator/build/CMakeFiles/CMakeTmp/CheckSymbolExists.c:
/* */
#include <stddef.h>
#include <stdarg.h>
#include <stdlib.h>
#include <string.h>
#include <stdio.h>
#include <wchar.h>
#include <float.h>

int main(int argc, char** argv)
{
  (void)argv;
#ifndef _strupr
  return ((int*)(&_strupr))[argc];
#else
  (void)argc;
  return 0;
#endif
}
Determining if the _strlwr exist failed with the following output:
Change Dir: /home/shankar/Desktop/Emulator/build/CMakeFiles/CMakeTmp

Run Build Command(s):/usr/bin/gmake -f Makefile cmTC_c4698/fast && /usr/bin/gmake  -f CMakeFiles/cmTC_c4698.dir/build.make CMakeFiles/cmTC_c4698.dir/build
gmake[1]: Entering directory '/home/shankar/Desktop/Emulator/build/CMakeFiles/CMakeTmp'
Building C object CMakeFiles/cmTC_c4698.dir/CheckSymbolExists.c.o
/usr/bin/cc   -idirafter "/home/shankar/Desktop/Emulator/3rdParty/sdl-2.0.20/src/video/khronos"  -o CMakeFiles/cmTC_c4698.dir/CheckSymbolExists.c.o -c /home/shankar/Desktop/Emulator/build/CMakeFiles/CMakeTmp/CheckSymbolExists.c
/home/shankar/Desktop/Emulator/build/CMakeFiles/CMakeTmp/CheckSymbolExists.c: In function ‘main’:
/home/shankar/Desktop/Emulator/build/CMakeFiles/CMakeTmp/CheckSymbolExists.c:14:19: error: ‘_strlwr’ undeclared (first use in this function)
   14 |   return ((int*)(&_strlwr))[argc];
      |                   ^~~~~~~
/home/shankar/Desktop/Emulator/build/CMakeFiles/CMakeTmp/CheckSymbolExists.c:14:19: note: each undeclared identifier is reported only once for each function it appears in
gmake[1]: *** [CMakeFiles/cmTC_c4698.dir/build.make:78: CMakeFiles/cmTC_c4698.dir/CheckSymbolExists.c.o] Error 1
gmake[1]: Leaving directory '/home/shankar/Desktop/Emulator/build/CMakeFiles/CMakeTmp'
gmake: *** [Makefile:127: cmTC_c4698/fast] Error 2


File /home/shankar/Desktop/Emulator/build/CMakeFiles/CMakeTmp/CheckSymbolExists.c:
/* */
#include <stddef.h>
#include <stdarg.h>
#include <stdlib.h>
#include <string.h>
#include <stdio.h>
#include <wchar.h>
#include <float.h>

int main(int argc, char** argv)
{
  (void)argv;
#ifndef _strlwr
  return ((int*)(&_strlwr))[argc];
#else
  (void)argc;
  return 0;
#endif
}
Determining if the itoa exist failed with the following output:
Change Dir: /home/shankar/Desktop/Emulator/build/CMakeFiles/CMakeTmp

Run Build Command(s):/usr/bin/gmake -f Makefile cmTC_a51f5/fast && /usr/bin/gmake  -f CMakeFiles/cmTC_a51f5.dir/build.make CMakeFiles/cmTC_a51f5.dir/build
gmake[1]: Entering directory '/home/shankar/Desktop/Emulator/build/CMakeFiles/CMakeTmp'
Building C object CMakeFiles/cmTC_a51f5.dir/CheckSymbolExists.c.o
/usr/bin/cc   -idirafter "/home/shankar/Desktop/Emulator/3rdParty/sdl-2.0.20/src/video/khronos"  -o CMakeFiles/cmTC_a51f5.dir/CheckSymbolExists.c.o -c /home/shankar/Desktop/Emulator/build/CMakeFiles/CMakeTmp/CheckSymbolExists.c
/home/shankar/Desktop/Emulator/build/CMakeFiles/CMakeTmp/CheckSymbolExists.c: In function ‘main’:
/home/shankar/Desktop/Emulator/build/CMakeFiles/CMakeTmp/CheckSymbolExists.c:14:19: error: ‘itoa’ undeclared (first use in this function)
   14 |   return ((int*)(&itoa))[argc];
      |                   ^~~~
/home/shankar/Desktop/Emulator/build/CMakeFiles/CMakeTmp/CheckSymbolExists.c:14:19: note: each undeclared identifier is reported only once for each function it appears in
gmake[1]: *** [CMakeFiles/cmTC_a51f5.dir/build.make:78: CMakeFiles/cmTC_a51f5.dir/CheckSymbolExists.c.o] Error 1
gmake[1]: Leaving directory '/home/shankar/Desktop/Emulator/build/CMakeFiles/CMakeTmp'
gmake: *** [Makefile:127: cmTC_a51f5/fast] Error 2


File /home/shankar/Desktop/Emulator/build/CMakeFiles/CMakeTmp/CheckSymbolExists.c:
/* */
#include <stddef.h>
#include <stdarg.h>
#include <stdlib.h>
#include <string.h>
#include <stdio.h>
#include <wchar.h>
#include <float.h>

int main(int argc, char** argv)
{
  (void)argv;
#ifndef itoa
  return ((int*)(&itoa))[argc];
#else
  (void)argc;
  return 0;
#endif
}
Determining if the _ltoa exist failed with the following output:
Change Dir: /home/shankar/Desktop/Emulator/build/CMakeFiles/CMakeTmp

Run Build Command(s):/usr/bin/gmake -f Makefile cmTC_d1d2e/fast && /usr/bin/gmake  -f CMakeFiles/cmTC_d1d2e.dir/build.make CMakeFiles/cmTC_d1d2e.dir/build
gmake[1]: Entering directory '/home/shankar/Desktop/Emulator/build/CMakeFiles/CMakeTmp'
Building C object CMakeFiles/cmTC_d1d2e.dir/CheckSymbolExists.c.o
/usr/bin/cc   -idirafter "/home/shankar/Desktop/Emulator/3rdParty/sdl-2.0.20/src/video/khronos"  -o CMakeFiles/cmTC_d1d2e.dir/CheckSymbolExists.c.o -c /home/shankar/Desktop/Emulator/build/CMakeFiles/CMakeTmp/CheckSymbolExists.c
/home/shankar/Desktop/Emulator/build/CMakeFiles/CMakeTmp/CheckSymbolExists.c: In function ‘main’:
/home/shankar/Desktop/Emulator/build/CMakeFiles/CMakeTmp/CheckSymbolExists.c:14:19: error: ‘_ltoa’ undeclared (first use in this function)
   14 |   return ((int*)(&_ltoa))[argc];
      |                   ^~~~~
/home/shankar/Desktop/Emulator/build/CMakeFiles/CMakeTmp/CheckSymbolExists.c:14:19: note: each undeclared identifier is reported only once for each function it appears in
gmake[1]: *** [CMakeFiles/cmTC_d1d2e.dir/build.make:78: CMakeFiles/cmTC_d1d2e.dir/CheckSymbolExists.c.o] Error 1
gmake[1]: Leaving directory '/home/shankar/Desktop/Emulator/build/CMakeFiles/CMakeTmp'
gmake: *** [Makefile:127: cmTC_d1d2e/fast] Error 2


File /home/shankar/Desktop/Emulator/build/CMakeFiles/CMakeTmp/CheckSymbolExists.c:
/* */
#include <stddef.h>
#include <stdarg.h>
#include <stdlib.h>
#include <string.h>
#include <stdio.h>
#include <wchar.h>
#include <float.h>

int main(int argc, char** argv)
{
  (void)argv;
#ifndef _ltoa
  return ((int*)(&_ltoa))[argc];
#else
  (void)argc;
  return 0;
#endif
}
Determining if the _uitoa exist failed with the following output:
Change Dir: /home/shankar/Desktop/Emulator/build/CMakeFiles/CMakeTmp

Run Build Command(s):/usr/bin/gmake -f Makefile cmTC_65319/fast && /usr/bin/gmake  -f CMakeFiles/cmTC_65319.dir/build.make CMakeFiles/cmTC_65319.dir/build
gmake[1]: Entering directory '/home/shankar/Desktop/Emulator/build/CMakeFiles/CMakeTmp'
Building C object CMakeFiles/cmTC_65319.dir/CheckSymbolExists.c.o
/usr/bin/cc   -idirafter "/home/shankar/Desktop/Emulator/3rdParty/sdl-2.0.20/src/video/khronos"  -o CMakeFiles/cmTC_65319.dir/CheckSymbolExists.c.o -c /home/shankar/Desktop/Emulator/build/CMakeFiles/CMakeTmp/CheckSymbolExists.c
/home/shankar/Desktop/Emulator/build/CMakeFiles/CMakeTmp/CheckSymbolExists.c: In function ‘main’:
/home/shankar/Desktop/Emulator/build/CMakeFiles/CMakeTmp/CheckSymbolExists.c:14:19: error: ‘_uitoa’ undeclared (first use in this function)
   14 |   return ((int*)(&_uitoa))[argc];
      |                   ^~~~~~
/home/shankar/Desktop/Emulator/build/CMakeFiles/CMakeTmp/CheckSymbolExists.c:14:19: note: each undeclared identifier is reported only once for each function it appears in
gmake[1]: *** [CMakeFiles/cmTC_65319.dir/build.make:78: CMakeFiles/cmTC_65319.dir/CheckSymbolExists.c.o] Error 1
gmake[1]: Leaving directory '/home/shankar/Desktop/Emulator/build/CMakeFiles/CMakeTmp'
gmake: *** [Makefile:127: cmTC_65319/fast] Error 2


File /home/shankar/Desktop/Emulator/build/CMakeFiles/CMakeTmp/CheckSymbolExists.c:
/* */
#include <stddef.h>
#include <stdarg.h>
#include <stdlib.h>
#include <string.h>
#include <stdio.h>
#include <wchar.h>
#include <float.h>

int main(int argc, char** argv)
{
  (void)argv;
#ifndef _uitoa
  return ((int*)(&_uitoa))[argc];
#else
  (void)argc;
  return 0;
#endif
}
Determining if the _ultoa exist failed with the following output:
Change Dir: /home/shankar/Desktop/Emulator/build/CMakeFiles/CMakeTmp

Run Build Command(s):/usr/bin/gmake -f Makefile cmTC_20dea/fast && /usr/bin/gmake  -f CMakeFiles/cmTC_20dea.dir/build.make CMakeFiles/cmTC_20dea.dir/build
gmake[1]: Entering directory '/home/shankar/Desktop/Emulator/build/CMakeFiles/CMakeTmp'
Building C object CMakeFiles/cmTC_20dea.dir/CheckSymbolExists.c.o
/usr/bin/cc   -idirafter "/home/shankar/Desktop/Emulator/3rdParty/sdl-2.0.20/src/video/khronos"  -o CMakeFiles/cmTC_20dea.dir/CheckSymbolExists.c.o -c /home/shankar/Desktop/Emulator/build/CMakeFiles/CMakeTmp/CheckSymbolExists.c
/home/shankar/Desktop/Emulator/build/CMakeFiles/CMakeTmp/CheckSymbolExists.c: In function ‘main’:
/home/shankar/Desktop/Emulator/build/CMakeFiles/CMakeTmp/CheckSymbolExists.c:14:19: error: ‘_ultoa’ undeclared (first use in this function)
   14 |   return ((int*)(&_ultoa))[argc];
      |                   ^~~~~~
/home/shankar/Desktop/Emulator/build/CMakeFiles/CMakeTmp/CheckSymbolExists.c:14:19: note: each undeclared identifier is reported only once for each function it appears in
gmake[1]: *** [CMakeFiles/cmTC_20dea.dir/build.make:78: CMakeFiles/cmTC_20dea.dir/CheckSymbolExists.c.o] Error 1
gmake[1]: Leaving directory '/home/shankar/Desktop/Emulator/build/CMakeFiles/CMakeTmp'
gmake: *** [Makefile:127: cmTC_20dea/fast] Error 2


File /home/shankar/Desktop/Emulator/build/CMakeFiles/CMakeTmp/CheckSymbolExists.c:
/* */
#include <stddef.h>
#include <stdarg.h>
#include <stdlib.h>
#include <string.h>
#include <stdio.h>
#include <wchar.h>
#include <float.h>

int main(int argc, char** argv)
{
  (void)argv;
#ifndef _ultoa
  return ((int*)(&_ultoa))[argc];
#else
  (void)argc;
  return 0;
#endif
}
Determining if the _i64toa exist failed with the following output:
Change Dir: /home/shankar/Desktop/Emulator/build/CMakeFiles/CMakeTmp

Run Build Command(s):/usr/bin/gmake -f Makefile cmTC_4957c/fast && /usr/bin/gmake  -f CMakeFiles/cmTC_4957c.dir/build.make CMakeFiles/cmTC_4957c.dir/build
gmake[1]: Entering directory '/home/shankar/Desktop/Emulator/build/CMakeFiles/CMakeTmp'
Building C object CMakeFiles/cmTC_4957c.dir/CheckSymbolExists.c.o
/usr/bin/cc   -idirafter "/home/shankar/Desktop/Emulator/3rdParty/sdl-2.0.20/src/video/khronos"  -o CMakeFiles/cmTC_4957c.dir/CheckSymbolExists.c.o -c /home/shankar/Desktop/Emulator/build/CMakeFiles/CMakeTmp/CheckSymbolExists.c
/home/shankar/Desktop/Emulator/build/CMakeFiles/CMakeTmp/CheckSymbolExists.c: In function ‘main’:
/home/shankar/Desktop/Emulator/build/CMakeFiles/CMakeTmp/CheckSymbolExists.c:14:19: error: ‘_i64toa’ undeclared (first use in this function)
   14 |   return ((int*)(&_i64toa))[argc];
      |                   ^~~~~~~
/home/shankar/Desktop/Emulator/build/CMakeFiles/CMakeTmp/CheckSymbolExists.c:14:19: note: each undeclared identifier is reported only once for each function it appears in
gmake[1]: *** [CMakeFiles/cmTC_4957c.dir/build.make:78: CMakeFiles/cmTC_4957c.dir/CheckSymbolExists.c.o] Error 1
gmake[1]: Leaving directory '/home/shankar/Desktop/Emulator/build/CMakeFiles/CMakeTmp'
gmake: *** [Makefile:127: cmTC_4957c/fast] Error 2


File /home/shankar/Desktop/Emulator/build/CMakeFiles/CMakeTmp/CheckSymbolExists.c:
/* */
#include <stddef.h>
#include <stdarg.h>
#include <stdlib.h>
#include <string.h>
#include <stdio.h>
#include <wchar.h>
#include <float.h>

int main(int argc, char** argv)
{
  (void)argv;
#ifndef _i64toa
  return ((int*)(&_i64toa))[argc];
#else
  (void)argc;
  return 0;
#endif
}
Determining if the _ui64toa exist failed with the following output:
Change Dir: /home/shankar/Desktop/Emulator/build/CMakeFiles/CMakeTmp

Run Build Command(s):/usr/bin/gmake -f Makefile cmTC_a0c50/fast && /usr/bin/gmake  -f CMakeFiles/cmTC_a0c50.dir/build.make CMakeFiles/cmTC_a0c50.dir/build
gmake[1]: Entering directory '/home/shankar/Desktop/Emulator/build/CMakeFiles/CMakeTmp'
Building C object CMakeFiles/cmTC_a0c50.dir/CheckSymbolExists.c.o
/usr/bin/cc   -idirafter "/home/shankar/Desktop/Emulator/3rdParty/sdl-2.0.20/src/video/khronos"  -o CMakeFiles/cmTC_a0c50.dir/CheckSymbolExists.c.o -c /home/shankar/Desktop/Emulator/build/CMakeFiles/CMakeTmp/CheckSymbolExists.c
/home/shankar/Desktop/Emulator/build/CMakeFiles/CMakeTmp/CheckSymbolExists.c: In function ‘main’:
/home/shankar/Desktop/Emulator/build/CMakeFiles/CMakeTmp/CheckSymbolExists.c:14:19: error: ‘_ui64toa’ undeclared (first use in this function)
   14 |   return ((int*)(&_ui64toa))[argc];
      |                   ^~~~~~~~
/home/shankar/Desktop/Emulator/build/CMakeFiles/CMakeTmp/CheckSymbolExists.c:14:19: note: each undeclared identifier is reported only once for each function it appears in
gmake[1]: *** [CMakeFiles/cmTC_a0c50.dir/build.make:78: CMakeFiles/cmTC_a0c50.dir/CheckSymbolExists.c.o] Error 1
gmake[1]: Leaving directory '/home/shankar/Desktop/Emulator/build/CMakeFiles/CMakeTmp'
gmake: *** [Makefile:127: cmTC_a0c50/fast] Error 2


File /home/shankar/Desktop/Emulator/build/CMakeFiles/CMakeTmp/CheckSymbolExists.c:
/* */
#include <stddef.h>
#include <stdarg.h>
#include <stdlib.h>
#include <string.h>
#include <stdio.h>
#include <wchar.h>
#include <float.h>

int main(int argc, char** argv)
{
  (void)argv;
#ifndef _ui64toa
  return ((int*)(&_ui64toa))[argc];
#else
  (void)argc;
  return 0;
#endif
}
Determining if the _stricmp exist failed with the following output:
Change Dir: /home/shankar/Desktop/Emulator/build/CMakeFiles/CMakeTmp

Run Build Command(s):/usr/bin/gmake -f Makefile cmTC_bea13/fast && /usr/bin/gmake  -f CMakeFiles/cmTC_bea13.dir/build.make CMakeFiles/cmTC_bea13.dir/build
gmake[1]: Entering directory '/home/shankar/Desktop/Emulator/build/CMakeFiles/CMakeTmp'
Building C object CMakeFiles/cmTC_bea13.dir/CheckSymbolExists.c.o
/usr/bin/cc   -idirafter "/home/shankar/Desktop/Emulator/3rdParty/sdl-2.0.20/src/video/khronos"  -o CMakeFiles/cmTC_bea13.dir/CheckSymbolExists.c.o -c /home/shankar/Desktop/Emulator/build/CMakeFiles/CMakeTmp/CheckSymbolExists.c
/home/shankar/Desktop/Emulator/build/CMakeFiles/CMakeTmp/CheckSymbolExists.c: In function ‘main’:
/home/shankar/Desktop/Emulator/build/CMakeFiles/CMakeTmp/CheckSymbolExists.c:14:19: error: ‘_stricmp’ undeclared (first use in this function); did you mean ‘strncmp’?
   14 |   return ((int*)(&_stricmp))[argc];
      |                   ^~~~~~~~
      |                   strncmp
/home/shankar/Desktop/Emulator/build/CMakeFiles/CMakeTmp/CheckSymbolExists.c:14:19: note: each undeclared identifier is reported only once for each function it appears in
gmake[1]: *** [CMakeFiles/cmTC_bea13.dir/build.make:78: CMakeFiles/cmTC_bea13.dir/CheckSymbolExists.c.o] Error 1
gmake[1]: Leaving directory '/home/shankar/Desktop/Emulator/build/CMakeFiles/CMakeTmp'
gmake: *** [Makefile:127: cmTC_bea13/fast] Error 2


File /home/shankar/Desktop/Emulator/build/CMakeFiles/CMakeTmp/CheckSymbolExists.c:
/* */
#include <stddef.h>
#include <stdarg.h>
#include <stdlib.h>
#include <string.h>
#include <stdio.h>
#include <wchar.h>
#include <float.h>

int main(int argc, char** argv)
{
  (void)argv;
#ifndef _stricmp
  return ((int*)(&_stricmp))[argc];
#else
  (void)argc;
  return 0;
#endif
}
Determining if the _strnicmp exist failed with the following output:
Change Dir: /home/shankar/Desktop/Emulator/build/CMakeFiles/CMakeTmp

Run Build Command(s):/usr/bin/gmake -f Makefile cmTC_6e769/fast && /usr/bin/gmake  -f CMakeFiles/cmTC_6e769.dir/build.make CMakeFiles/cmTC_6e769.dir/build
gmake[1]: Entering directory '/home/shankar/Desktop/Emulator/build/CMakeFiles/CMakeTmp'
Building C object CMakeFiles/cmTC_6e769.dir/CheckSymbolExists.c.o
/usr/bin/cc   -idirafter "/home/shankar/Desktop/Emulator/3rdParty/sdl-2.0.20/src/video/khronos"  -o CMakeFiles/cmTC_6e769.dir/CheckSymbolExists.c.o -c /home/shankar/Desktop/Emulator/build/CMakeFiles/CMakeTmp/CheckSymbolExists.c
/home/shankar/Desktop/Emulator/build/CMakeFiles/CMakeTmp/CheckSymbolExists.c: In function ‘main’:
/home/shankar/Desktop/Emulator/build/CMakeFiles/CMakeTmp/CheckSymbolExists.c:14:19: error: ‘_strnicmp’ undeclared (first use in this function); did you mean ‘strncmp’?
   14 |   return ((int*)(&_strnicmp))[argc];
      |                   ^~~~~~~~~
      |                   strncmp
/home/shankar/Desktop/Emulator/build/CMakeFiles/CMakeTmp/CheckSymbolExists.c:14:19: note: each undeclared identifier is reported only once for each function it appears in
gmake[1]: *** [CMakeFiles/cmTC_6e769.dir/build.make:78: CMakeFiles/cmTC_6e769.dir/CheckSymbolExists.c.o] Error 1
gmake[1]: Leaving directory '/home/shankar/Desktop/Emulator/build/CMakeFiles/CMakeTmp'
gmake: *** [Makefile:127: cmTC_6e769/fast] Error 2


File /home/shankar/Desktop/Emulator/build/CMakeFiles/CMakeTmp/CheckSymbolExists.c:
/* */
#include <stddef.h>
#include <stdarg.h>
#include <stdlib.h>
#include <string.h>
#include <stdio.h>
#include <wchar.h>
#include <float.h>

int main(int argc, char** argv)
{
  (void)argv;
#ifndef _strnicmp
  return ((int*)(&_strnicmp))[argc];
#else
  (void)argc;
  return 0;
#endif
}
Determining if the _wcsdup exist failed with the following output:
Change Dir: /home/shankar/Desktop/Emulator/build/CMakeFiles/CMakeTmp

Run Build Command(s):/usr/bin/gmake -f Makefile cmTC_d1025/fast && /usr/bin/gmake  -f CMakeFiles/cmTC_d1025.dir/build.make CMakeFiles/cmTC_d1025.dir/build
gmake[1]: Entering directory '/home/shankar/Desktop/Emulator/build/CMakeFiles/CMakeTmp'
Building C object CMakeFiles/cmTC_d1025.dir/CheckSymbolExists.c.o
/usr/bin/cc   -idirafter "/home/shankar/Desktop/Emulator/3rdParty/sdl-2.0.20/src/video/khronos"  -o CMakeFiles/cmTC_d1025.dir/CheckSymbolExists.c.o -c /home/shankar/Desktop/Emulator/build/CMakeFiles/CMakeTmp/CheckSymbolExists.c
/home/shankar/Desktop/Emulator/build/CMakeFiles/CMakeTmp/CheckSymbolExists.c: In function ‘main’:
/home/shankar/Desktop/Emulator/build/CMakeFiles/CMakeTmp/CheckSymbolExists.c:14:19: error: ‘_wcsdup’ undeclared (first use in this function); did you mean ‘wcsdup’?
   14 |   return ((int*)(&_wcsdup))[argc];
      |                   ^~~~~~~
      |                   wcsdup
/home/shankar/Desktop/Emulator/build/CMakeFiles/CMakeTmp/CheckSymbolExists.c:14:19: note: each undeclared identifier is reported only once for each function it appears in
gmake[1]: *** [CMakeFiles/cmTC_d1025.dir/build.make:78: CMakeFiles/cmTC_d1025.dir/CheckSymbolExists.c.o] Error 1
gmake[1]: Leaving directory '/home/shankar/Desktop/Emulator/build/CMakeFiles/CMakeTmp'
gmake: *** [Makefile:127: cmTC_d1025/fast] Error 2


File /home/shankar/Desktop/Emulator/build/CMakeFiles/CMakeTmp/CheckSymbolExists.c:
/* */
#include <stddef.h>
#include <stdarg.h>
#include <stdlib.h>
#include <string.h>
#include <stdio.h>
#include <wchar.h>
#include <float.h>

int main(int argc, char** argv)
{
  (void)argv;
#ifndef _wcsdup
  return ((int*)(&_wcsdup))[argc];
#else
  (void)argc;
  return 0;
#endif
}
Determining if the wcslcat exist failed with the following output:
Change Dir: /home/shankar/Desktop/Emulator/build/CMakeFiles/CMakeTmp

Run Build Command(s):/usr/bin/gmake -f Makefile cmTC_484e8/fast && /usr/bin/gmake  -f CMakeFiles/cmTC_484e8.dir/build.make CMakeFiles/cmTC_484e8.dir/build
gmake[1]: Entering directory '/home/shankar/Desktop/Emulator/build/CMakeFiles/CMakeTmp'
Building C object CMakeFiles/cmTC_484e8.dir/CheckSymbolExists.c.o
/usr/bin/cc   -idirafter "/home/shankar/Desktop/Emulator/3rdParty/sdl-2.0.20/src/video/khronos"  -o CMakeFiles/cmTC_484e8.dir/CheckSymbolExists.c.o -c /home/shankar/Desktop/Emulator/build/CMakeFiles/CMakeTmp/CheckSymbolExists.c
/home/shankar/Desktop/Emulator/build/CMakeFiles/CMakeTmp/CheckSymbolExists.c: In function ‘main’:
/home/shankar/Desktop/Emulator/build/CMakeFiles/CMakeTmp/CheckSymbolExists.c:14:19: error: ‘wcslcat’ undeclared (first use in this function); did you mean ‘wcsncat’?
   14 |   return ((int*)(&wcslcat))[argc];
      |                   ^~~~~~~
      |                   wcsncat
/home/shankar/Desktop/Emulator/build/CMakeFiles/CMakeTmp/CheckSymbolExists.c:14:19: note: each undeclared identifier is reported only once for each function it appears in
gmake[1]: *** [CMakeFiles/cmTC_484e8.dir/build.make:78: CMakeFiles/cmTC_484e8.dir/CheckSymbolExists.c.o] Error 1
gmake[1]: Leaving directory '/home/shankar/Desktop/Emulator/build/CMakeFiles/CMakeTmp'
gmake: *** [Makefile:127: cmTC_484e8/fast] Error 2


File /home/shankar/Desktop/Emulator/build/CMakeFiles/CMakeTmp/CheckSymbolExists.c:
/* */
#include <stddef.h>
#include <stdarg.h>
#include <stdlib.h>
#include <string.h>
#include <stdio.h>
#include <wchar.h>
#include <float.h>

int main(int argc, char** argv)
{
  (void)argv;
#ifndef wcslcat
  return ((int*)(&wcslcat))[argc];
#else
  (void)argc;
  return 0;
#endif
}
Determining if the wcslcpy exist failed with the following output:
Change Dir: /home/shankar/Desktop/Emulator/build/CMakeFiles/CMakeTmp

Run Build Command(s):/usr/bin/gmake -f Makefile cmTC_24d8b/fast && /usr/bin/gmake  -f CMakeFiles/cmTC_24d8b.dir/build.make CMakeFiles/cmTC_24d8b.dir/build
gmake[1]: Entering directory '/home/shankar/Desktop/Emulator/build/CMakeFiles/CMakeTmp'
Building C object CMakeFiles/cmTC_24d8b.dir/CheckSymbolExists.c.o
/usr/bin/cc   -idirafter "/home/shankar/Desktop/Emulator/3rdParty/sdl-2.0.20/src/video/khronos"  -o CMakeFiles/cmTC_24d8b.dir/CheckSymbolExists.c.o -c /home/shankar/Desktop/Emulator/build/CMakeFiles/CMakeTmp/CheckSymbolExists.c
/home/shankar/Desktop/Emulator/build/CMakeFiles/CMakeTmp/CheckSymbolExists.c: In function ‘main’:
/home/shankar/Desktop/Emulator/build/CMakeFiles/CMakeTmp/CheckSymbolExists.c:14:19: error: ‘wcslcpy’ undeclared (first use in this function); did you mean ‘wcsncpy’?
   14 |   return ((int*)(&wcslcpy))[argc];
      |                   ^~~~~~~
      |                   wcsncpy
/home/shankar/Desktop/Emulator/build/CMakeFiles/CMakeTmp/CheckSymbolExists.c:14:19: note: each undeclared identifier is reported only once for each function it appears in
gmake[1]: *** [CMakeFiles/cmTC_24d8b.dir/build.make:78: CMakeFiles/cmTC_24d8b.dir/CheckSymbolExists.c.o] Error 1
gmake[1]: Leaving directory '/home/shankar/Desktop/Emulator/build/CMakeFiles/CMakeTmp'
gmake: *** [Makefile:127: cmTC_24d8b/fast] Error 2


File /home/shankar/Desktop/Emulator/build/CMakeFiles/CMakeTmp/CheckSymbolExists.c:
/* */
#include <stddef.h>
#include <stdarg.h>
#include <stdlib.h>
#include <string.h>
#include <stdio.h>
#include <wchar.h>
#include <float.h>

int main(int argc, char** argv)
{
  (void)argv;
#ifndef wcslcpy
  return ((int*)(&wcslcpy))[argc];
#else
  (void)argc;
  return 0;
#endif
}
Determining if the _wcsicmp exist failed with the following output:
Change Dir: /home/shankar/Desktop/Emulator/build/CMakeFiles/CMakeTmp

Run Build Command(s):/usr/bin/gmake -f Makefile cmTC_88e1f/fast && /usr/bin/gmake  -f CMakeFiles/cmTC_88e1f.dir/build.make CMakeFiles/cmTC_88e1f.dir/build
gmake[1]: Entering directory '/home/shankar/Desktop/Emulator/build/CMakeFiles/CMakeTmp'
Building C object CMakeFiles/cmTC_88e1f.dir/CheckSymbolExists.c.o
/usr/bin/cc   -idirafter "/home/shankar/Desktop/Emulator/3rdParty/sdl-2.0.20/src/video/khronos"  -o CMakeFiles/cmTC_88e1f.dir/CheckSymbolExists.c.o -c /home/shankar/Desktop/Emulator/build/CMakeFiles/CMakeTmp/CheckSymbolExists.c
/home/shankar/Desktop/Emulator/build/CMakeFiles/CMakeTmp/CheckSymbolExists.c: In function ‘main’:
/home/shankar/Desktop/Emulator/build/CMakeFiles/CMakeTmp/CheckSymbolExists.c:14:19: error: ‘_wcsicmp’ undeclared (first use in this function); did you mean ‘wcsncmp’?
   14 |   return ((int*)(&_wcsicmp))[argc];
      |                   ^~~~~~~~
      |                   wcsncmp
/home/shankar/Desktop/Emulator/build/CMakeFiles/CMakeTmp/CheckSymbolExists.c:14:19: note: each undeclared identifier is reported only once for each function it appears in
gmake[1]: *** [CMakeFiles/cmTC_88e1f.dir/build.make:78: CMakeFiles/cmTC_88e1f.dir/CheckSymbolExists.c.o] Error 1
gmake[1]: Leaving directory '/home/shankar/Desktop/Emulator/build/CMakeFiles/CMakeTmp'
gmake: *** [Makefile:127: cmTC_88e1f/fast] Error 2


File /home/shankar/Desktop/Emulator/build/CMakeFiles/CMakeTmp/CheckSymbolExists.c:
/* */
#include <stddef.h>
#include <stdarg.h>
#include <stdlib.h>
#include <string.h>
#include <stdio.h>
#include <wchar.h>
#include <float.h>

int main(int argc, char** argv)
{
  (void)argv;
#ifndef _wcsicmp
  return ((int*)(&_wcsicmp))[argc];
#else
  (void)argc;
  return 0;
#endif
}
Determining if the _wcsnicmp exist failed with the following output:
Change Dir: /home/shankar/Desktop/Emulator/build/CMakeFiles/CMakeTmp

Run Build Command(s):/usr/bin/gmake -f Makefile cmTC_4284d/fast && /usr/bin/gmake  -f CMakeFiles/cmTC_4284d.dir/build.make CMakeFiles/cmTC_4284d.dir/build
gmake[1]: Entering directory '/home/shankar/Desktop/Emulator/build/CMakeFiles/CMakeTmp'
Building C object CMakeFiles/cmTC_4284d.dir/CheckSymbolExists.c.o
/usr/bin/cc   -idirafter "/home/shankar/Desktop/Emulator/3rdParty/sdl-2.0.20/src/video/khronos"  -o CMakeFiles/cmTC_4284d.dir/CheckSymbolExists.c.o -c /home/shankar/Desktop/Emulator/build/CMakeFiles/CMakeTmp/CheckSymbolExists.c
/home/shankar/Desktop/Emulator/build/CMakeFiles/CMakeTmp/CheckSymbolExists.c: In function ‘main’:
/home/shankar/Desktop/Emulator/build/CMakeFiles/CMakeTmp/CheckSymbolExists.c:14:19: error: ‘_wcsnicmp’ undeclared (first use in this function); did you mean ‘wcsncmp’?
   14 |   return ((int*)(&_wcsnicmp))[argc];
      |                   ^~~~~~~~~
      |                   wcsncmp
/home/shankar/Desktop/Emulator/build/CMakeFiles/CMakeTmp/CheckSymbolExists.c:14:19: note: each undeclared identifier is reported only once for each function it appears in
gmake[1]: *** [CMakeFiles/cmTC_4284d.dir/build.make:78: CMakeFiles/cmTC_4284d.dir/CheckSymbolExists.c.o] Error 1
gmake[1]: Leaving directory '/home/shankar/Desktop/Emulator/build/CMakeFiles/CMakeTmp'
gmake: *** [Makefile:127: cmTC_4284d/fast] Error 2


File /home/shankar/Desktop/Emulator/build/CMakeFiles/CMakeTmp/CheckSymbolExists.c:
/* */
#include <stddef.h>
#include <stdarg.h>
#include <stdlib.h>
#include <string.h>
#include <stdio.h>
#include <wchar.h>
#include <float.h>

int main(int argc, char** argv)
{
  (void)argv;
#ifndef _wcsnicmp
  return ((int*)(&_wcsnicmp))[argc];
#else
  (void)argc;
  return 0;
#endif
}
Determining if the fopen64 exist failed with the following output:
Change Dir: /home/shankar/Desktop/Emulator/build/CMakeFiles/CMakeTmp

Run Build Command(s):/usr/bin/gmake -f Makefile cmTC_cd801/fast && /usr/bin/gmake  -f CMakeFiles/cmTC_cd801.dir/build.make CMakeFiles/cmTC_cd801.dir/build
gmake[1]: Entering directory '/home/shankar/Desktop/Emulator/build/CMakeFiles/CMakeTmp'
Building C object CMakeFiles/cmTC_cd801.dir/CheckSymbolExists.c.o
/usr/bin/cc   -idirafter "/home/shankar/Desktop/Emulator/3rdParty/sdl-2.0.20/src/video/khronos"  -o CMakeFiles/cmTC_cd801.dir/CheckSymbolExists.c.o -c /home/shankar/Desktop/Emulator/build/CMakeFiles/CMakeTmp/CheckSymbolExists.c
/home/shankar/Desktop/Emulator/build/CMakeFiles/CMakeTmp/CheckSymbolExists.c: In function ‘main’:
/home/shankar/Desktop/Emulator/build/CMakeFiles/CMakeTmp/CheckSymbolExists.c:14:19: error: ‘fopen64’ undeclared (first use in this function); did you mean ‘fopen’?
   14 |   return ((int*)(&fopen64))[argc];
      |                   ^~~~~~~
      |                   fopen
/home/shankar/Desktop/Emulator/build/CMakeFiles/CMakeTmp/CheckSymbolExists.c:14:19: note: each undeclared identifier is reported only once for each function it appears in
gmake[1]: *** [CMakeFiles/cmTC_cd801.dir/build.make:78: CMakeFiles/cmTC_cd801.dir/CheckSymbolExists.c.o] Error 1
gmake[1]: Leaving directory '/home/shankar/Desktop/Emulator/build/CMakeFiles/CMakeTmp'
gmake: *** [Makefile:127: cmTC_cd801/fast] Error 2


File /home/shankar/Desktop/Emulator/build/CMakeFiles/CMakeTmp/CheckSymbolExists.c:
/* */
#include <stddef.h>
#include <stdarg.h>
#include <stdlib.h>
#include <string.h>
#include <stdio.h>
#include <wchar.h>
#include <float.h>

int main(int argc, char** argv)
{
  (void)argv;
#ifndef fopen64
  return ((int*)(&fopen64))[argc];
#else
  (void)argc;
  return 0;
#endif
}
Determining if the fseeko64 exist failed with the following output:
Change Dir: /home/shankar/Desktop/Emulator/build/CMakeFiles/CMakeTmp

Run Build Command(s):/usr/bin/gmake -f Makefile cmTC_e90c9/fast && /usr/bin/gmake  -f CMakeFiles/cmTC_e90c9.dir/build.make CMakeFiles/cmTC_e90c9.dir/build
gmake[1]: Entering directory '/home/shankar/Desktop/Emulator/build/CMakeFiles/CMakeTmp'
Building C object CMakeFiles/cmTC_e90c9.dir/CheckSymbolExists.c.o
/usr/bin/cc   -idirafter "/home/shankar/Desktop/Emulator/3rdParty/sdl-2.0.20/src/video/khronos"  -o CMakeFiles/cmTC_e90c9.dir/CheckSymbolExists.c.o -c /home/shankar/Desktop/Emulator/build/CMakeFiles/CMakeTmp/CheckSymbolExists.c
/home/shankar/Desktop/Emulator/build/CMakeFiles/CMakeTmp/CheckSymbolExists.c: In function ‘main’:
/home/shankar/Desktop/Emulator/build/CMakeFiles/CMakeTmp/CheckSymbolExists.c:14:19: error: ‘fseeko64’ undeclared (first use in this function); did you mean ‘fseeko’?
   14 |   return ((int*)(&fseeko64))[argc];
      |                   ^~~~~~~~
      |                   fseeko
/home/shankar/Desktop/Emulator/build/CMakeFiles/CMakeTmp/CheckSymbolExists.c:14:19: note: each undeclared identifier is reported only once for each function it appears in
gmake[1]: *** [CMakeFiles/cmTC_e90c9.dir/build.make:78: CMakeFiles/cmTC_e90c9.dir/CheckSymbolExists.c.o] Error 1
gmake[1]: Leaving directory '/home/shankar/Desktop/Emulator/build/CMakeFiles/CMakeTmp'
gmake: *** [Makefile:127: cmTC_e90c9/fast] Error 2


File /home/shankar/Desktop/Emulator/build/CMakeFiles/CMakeTmp/CheckSymbolExists.c:
/* */
#include <stddef.h>
#include <stdarg.h>
#include <stdlib.h>
#include <string.h>
#include <stdio.h>
#include <wchar.h>
#include <float.h>

int main(int argc, char** argv)
{
  (void)argv;
#ifndef fseeko64
  return ((int*)(&fseeko64))[argc];
#else
  (void)argc;
  return 0;
#endif
}
Determining if the sysctlbyname exist failed with the following output:
Change Dir: /home/shankar/Desktop/Emulator/build/CMakeFiles/CMakeTmp

Run Build Command(s):/usr/bin/gmake -f Makefile cmTC_b4b80/fast && /usr/bin/gmake  -f CMakeFiles/cmTC_b4b80.dir/build.make CMakeFiles/cmTC_b4b80.dir/build
gmake[1]: Entering directory '/home/shankar/Desktop/Emulator/build/CMakeFiles/CMakeTmp'
Building C object CMakeFiles/cmTC_b4b80.dir/CheckSymbolExists.c.o
/usr/bin/cc   -idirafter "/home/shankar/Desktop/Emulator/3rdParty/sdl-2.0.20/src/video/khronos"  -o CMakeFiles/cmTC_b4b80.dir/CheckSymbolExists.c.o -c /home/shankar/Desktop/Emulator/build/CMakeFiles/CMakeTmp/CheckSymbolExists.c
/home/shankar/Desktop/Emulator/build/CMakeFiles/CMakeTmp/CheckSymbolExists.c:3:10: fatal error: sys/sysctl.h: No such file or directory
    3 | #include <sys/sysctl.h>
      |          ^~~~~~~~~~~~~~
compilation terminated.
gmake[1]: *** [CMakeFiles/cmTC_b4b80.dir/build.make:78: CMakeFiles/cmTC_b4b80.dir/CheckSymbolExists.c.o] Error 1
gmake[1]: Leaving directory '/home/shankar/Desktop/Emulator/build/CMakeFiles/CMakeTmp'
gmake: *** [Makefile:127: cmTC_b4b80/fast] Error 2


File /home/shankar/Desktop/Emulator/build/CMakeFiles/CMakeTmp/CheckSymbolExists.c:
/* */
#include <sys/types.h>
#include <sys/sysctl.h>

int main(int argc, char** argv)
{
  (void)argv;
#ifndef sysctlbyname
  return ((int*)(&sysctlbyname))[argc];
#else
  (void)argc;
  return 0;
#endif
}
Determining if the elf_aux_info exist failed with the following output:
Change Dir: /home/shankar/Desktop/Emulator/build/CMakeFiles/CMakeTmp

Run Build Command(s):/usr/bin/gmake -f Makefile cmTC_8f45f/fast && /usr/bin/gmake  -f CMakeFiles/cmTC_8f45f.dir/build.make CMakeFiles/cmTC_8f45f.dir/build
gmake[1]: Entering directory '/home/shankar/Desktop/Emulator/build/CMakeFiles/CMakeTmp'
Building C object CMakeFiles/cmTC_8f45f.dir/CheckSymbolExists.c.o
/usr/bin/cc   -idirafter "/home/shankar/Desktop/Emulator/3rdParty/sdl-2.0.20/src/video/khronos"  -o CMakeFiles/cmTC_8f45f.dir/CheckSymbolExists.c.o -c /home/shankar/Desktop/Emulator/build/CMakeFiles/CMakeTmp/CheckSymbolExists.c
/home/shankar/Desktop/Emulator/build/CMakeFiles/CMakeTmp/CheckSymbolExists.c: In function ‘main’:
/home/shankar/Desktop/Emulator/build/CMakeFiles/CMakeTmp/CheckSymbolExists.c:8:19: error: ‘elf_aux_info’ undeclared (first use in this function)
    8 |   return ((int*)(&elf_aux_info))[argc];
      |                   ^~~~~~~~~~~~
/home/shankar/Desktop/Emulator/build/CMakeFiles/CMakeTmp/CheckSymbolExists.c:8:19: note: each undeclared identifier is reported only once for each function it appears in
gmake[1]: *** [CMakeFiles/cmTC_8f45f.dir/build.make:78: CMakeFiles/cmTC_8f45f.dir/CheckSymbolExists.c.o] Error 1
gmake[1]: Leaving directory '/home/shankar/Desktop/Emulator/build/CMakeFiles/CMakeTmp'
gmake: *** [Makefile:127: cmTC_8f45f/fast] Error 2


File /home/shankar/Desktop/Emulator/build/CMakeFiles/CMakeTmp/CheckSymbolExists.c:
/* */
#include <sys/auxv.h>

int main(int argc, char** argv)
{
  (void)argv;
#ifndef elf_aux_info
  return ((int*)(&elf_aux_info))[argc];
#else
  (void)argc;
  return 0;
#endif
}
Determining if the function iconv_open exists in the iconv failed with the following output:
Change Dir: /home/shankar/Desktop/Emulator/build/CMakeFiles/CMakeTmp

Run Build Command(s):/usr/bin/gmake -f Makefile cmTC_73e33/fast && /usr/bin/gmake  -f CMakeFiles/cmTC_73e33.dir/build.make CMakeFiles/cmTC_73e33.dir/build
gmake[1]: Entering directory '/home/shankar/Desktop/Emulator/build/CMakeFiles/CMakeTmp'
Building C object CMakeFiles/cmTC_73e33.dir/CheckFunctionExists.c.o
/usr/bin/cc   -idirafter "/home/shankar/Desktop/Emulator/3rdParty/sdl-2.0.20/src/video/khronos" -DCHECK_FUNCTION_EXISTS=iconv_open -o CMakeFiles/cmTC_73e33.dir/CheckFunctionExists.c.o -c /usr/share/cmake-3.22/Modules/CheckFunctionExists.c
Linking C executable cmTC_73e33
/usr/bin/cmake -E cmake_link_script CMakeFiles/cmTC_73e33.dir/link.txt --verbose=1
/usr/bin/cc  -idirafter "/home/shankar/Desktop/Emulator/3rdParty/sdl-2.0.20/src/video/khronos" -DCHECK_FUNCTION_EXISTS=iconv_open -rdynamic CMakeFiles/cmTC_73e33.dir/CheckFunctionExists.c.o -o cmTC_73e33  -liconv 
/usr/bin/ld: cannot find -liconv: No such file or directory
collect2: error: ld returned 1 exit status
gmake[1]: *** [CMakeFiles/cmTC_73e33.dir/build.make:99: cmTC_73e33] Error 1
gmake[1]: Leaving directory '/home/shankar/Desktop/Emulator/build/CMakeFiles/CMakeTmp'
gmake: *** [Makefile:127: cmTC_73e33/fast] Error 2



Determining if the alloca exist failed with the following output:
Change Dir: /home/shankar/Desktop/Emulator/build/CMakeFiles/CMakeTmp

Run Build Command(s):/usr/bin/gmake -f Makefile cmTC_5310f/fast && /usr/bin/gmake  -f CMakeFiles/cmTC_5310f.dir/build.make CMakeFiles/cmTC_5310f.dir/build
gmake[1]: Entering directory '/home/shankar/Desktop/Emulator/build/CMakeFiles/CMakeTmp'
Building C object CMakeFiles/cmTC_5310f.dir/CheckSymbolExists.c.o
/usr/bin/cc   -idirafter "/home/shankar/Desktop/Emulator/3rdParty/sdl-2.0.20/src/video/khronos"  -o CMakeFiles/cmTC_5310f.dir/CheckSymbolExists.c.o -c /home/shankar/Desktop/Emulator/build/CMakeFiles/CMakeTmp/CheckSymbolExists.c
/home/shankar/Desktop/Emulator/build/CMakeFiles/CMakeTmp/CheckSymbolExists.c: In function ‘main’:
/home/shankar/Desktop/Emulator/build/CMakeFiles/CMakeTmp/CheckSymbolExists.c:8:19: error: ‘alloca’ undeclared (first use in this function); did you mean ‘valloc’?
    8 |   return ((int*)(&alloca))[argc];
      |                   ^~~~~~
      |                   valloc
/home/shankar/Desktop/Emulator/build/CMakeFiles/CMakeTmp/CheckSymbolExists.c:8:19: note: each undeclared identifier is reported only once for each function it appears in
gmake[1]: *** [CMakeFiles/cmTC_5310f.dir/build.make:78: CMakeFiles/cmTC_5310f.dir/CheckSymbolExists.c.o] Error 1
gmake[1]: Leaving directory '/home/shankar/Desktop/Emulator/build/CMakeFiles/CMakeTmp'
gmake: *** [Makefile:127: cmTC_5310f/fast] Error 2


File /home/shankar/Desktop/Emulator/build/CMakeFiles/CMakeTmp/CheckSymbolExists.c:
/* */
#include <malloc.h>

int main(int argc, char** argv)
{
  (void)argv;
#ifndef alloca
  return ((int*)(&alloca))[argc];
#else
  (void)argc;
  return 0;
#endif
}
Determining if the include file audio/audiolib.h exists failed with the following output:
Change Dir: /home/shankar/Desktop/Emulator/build/CMakeFiles/CMakeTmp

Run Build Command(s):/usr/bin/gmake -f Makefile cmTC_9d3cf/fast && /usr/bin/gmake  -f CMakeFiles/cmTC_9d3cf.dir/build.make CMakeFiles/cmTC_9d3cf.dir/build
gmake[1]: Entering directory '/home/shankar/Desktop/Emulator/build/CMakeFiles/CMakeTmp'
Building C object CMakeFiles/cmTC_9d3cf.dir/CheckIncludeFile.c.o
/usr/bin/cc   -idirafter "/home/shankar/Desktop/Emulator/3rdParty/sdl-2.0.20/src/video/khronos"  -o CMakeFiles/cmTC_9d3cf.dir/CheckIncludeFile.c.o -c /home/shankar/Desktop/Emulator/build/CMakeFiles/CMakeTmp/CheckIncludeFile.c
/home/shankar/Desktop/Emulator/build/CMakeFiles/CMakeTmp/CheckIncludeFile.c:1:10: fatal error: audio/audiolib.h: No such file or directory
    1 | #include <audio/audiolib.h>
      |          ^~~~~~~~~~~~~~~~~~
compilation terminated.
gmake[1]: *** [CMakeFiles/cmTC_9d3cf.dir/build.make:78: CMakeFiles/cmTC_9d3cf.dir/CheckIncludeFile.c.o] Error 1
gmake[1]: Leaving directory '/home/shankar/Desktop/Emulator/build/CMakeFiles/CMakeTmp'
gmake: *** [Makefile:127: cmTC_9d3cf/fast] Error 2



Determining if the include file samplerate.h exists failed with the following output:
Change Dir: /home/shankar/Desktop/Emulator/build/CMakeFiles/CMakeTmp

Run Build Command(s):/usr/bin/gmake -f Makefile cmTC_aa4e1/fast && /usr/bin/gmake  -f CMakeFiles/cmTC_aa4e1.dir/build.make CMakeFiles/cmTC_aa4e1.dir/build
gmake[1]: Entering directory '/home/shankar/Desktop/Emulator/build/CMakeFiles/CMakeTmp'
Building C object CMakeFiles/cmTC_aa4e1.dir/CheckIncludeFile.c.o
/usr/bin/cc   -idirafter "/home/shankar/Desktop/Emulator/3rdParty/sdl-2.0.20/src/video/khronos"  -o CMakeFiles/cmTC_aa4e1.dir/CheckIncludeFile.c.o -c /home/shankar/Desktop/Emulator/build/CMakeFiles/CMakeTmp/CheckIncludeFile.c
/home/shankar/Desktop/Emulator/build/CMakeFiles/CMakeTmp/CheckIncludeFile.c:1:10: fatal error: samplerate.h: No such file or directory
    1 | #include <samplerate.h>
      |          ^~~~~~~~~~~~~~
compilation terminated.
gmake[1]: *** [CMakeFiles/cmTC_aa4e1.dir/build.make:78: CMakeFiles/cmTC_aa4e1.dir/CheckIncludeFile.c.o] Error 1
gmake[1]: Leaving directory '/home/shankar/Desktop/Emulator/build/CMakeFiles/CMakeTmp'
gmake: *** [Makefile:127: cmTC_aa4e1/fast] Error 2



Performing C SOURCE FILE Test HAVE_RPI failed with the following output:
Change Dir: /home/shankar/Desktop/Emulator/build/CMakeFiles/CMakeTmp

Run Build Command(s):/usr/bin/gmake -f Makefile cmTC_b80b2/fast && /usr/bin/gmake  -f CMakeFiles/cmTC_b80b2.dir/build.make CMakeFiles/cmTC_b80b2.dir/build
gmake[1]: Entering directory '/home/shankar/Desktop/Emulator/build/CMakeFiles/CMakeTmp'
Building C object CMakeFiles/cmTC_b80b2.dir/src.c.o
/usr/bin/cc -DHAVE_RPI  -idirafter "/home/shankar/Desktop/Emulator/3rdParty/sdl-2.0.20/src/video/khronos"  -I/opt/vc/include/interface/vmcs_host/linux/ -I/opt/vc/include/interface/vcos/pthreads -I/opt/vc/include  -L/opt/vc/lib -o CMakeFiles/cmTC_b80b2.dir/src.c.o -c /home/shankar/Desktop/Emulator/build/CMakeFiles/CMakeTmp/src.c
/home/shankar/Desktop/Emulator/build/CMakeFiles/CMakeTmp/src.c:2:18: fatal error: bcm_host.h: No such file or directory
    2 |         #include <bcm_host.h>
      |                  ^~~~~~~~~~~~
compilation terminated.
gmake[1]: *** [CMakeFiles/cmTC_b80b2.dir/build.make:78: CMakeFiles/cmTC_b80b2.dir/src.c.o] Error 1
gmake[1]: Leaving directory '/home/shankar/Desktop/Emulator/build/CMakeFiles/CMakeTmp'
gmake: *** [Makefile:127: cmTC_b80b2/fast] Error 2


Source file was:

        #include <bcm_host.h>
        #include <EGL/eglplatform.h>
        int main(int argc, char **argv) {
          EGL_DISPMANX_WINDOW_T window;
          bcm_host_init();
        }
Performing C SOURCE FILE Test HAVE_VIVANTE_VDK failed with the following output:
Change Dir: /home/shankar/Desktop/Emulator/build/CMakeFiles/CMakeTmp

Run Build Command(s):/usr/bin/gmake -f Makefile cmTC_0c41c/fast && /usr/bin/gmake  -f CMakeFiles/cmTC_0c41c.dir/build.make CMakeFiles/cmTC_0c41c.dir/build
gmake[1]: Entering directory '/home/shankar/Desktop/Emulator/build/CMakeFiles/CMakeTmp'
Building C object CMakeFiles/cmTC_0c41c.dir/src.c.o
/usr/bin/cc -DHAVE_VIVANTE_VDK  -idirafter "/home/shankar/Desktop/Emulator/3rdParty/sdl-2.0.20/src/video/khronos"   -o CMakeFiles/cmTC_0c41c.dir/src.c.o -c /home/shankar/Desktop/Emulator/build/CMakeFiles/CMakeTmp/src.c
/home/shankar/Desktop/Emulator/build/CMakeFiles/CMakeTmp/src.c:2:18: fatal error: gc_vdk.h: No such file or directory
    2 |         #include <gc_vdk.h>
      |                  ^~~~~~~~~~
compilation terminated.
gmake[1]: *** [CMakeFiles/cmTC_0c41c.dir/build.make:78: CMakeFiles/cmTC_0c41c.dir/src.c.o] Error 1
gmake[1]: Leaving directory '/home/shankar/Desktop/Emulator/build/CMakeFiles/CMakeTmp'
gmake: *** [Makefile:127: cmTC_0c41c/fast] Error 2


Source file was:

        #include <gc_vdk.h>
        int main(int argc, char** argv) {}
Performing C SOURCE FILE Test HAVE_VIVANTE_EGL_FB failed with the following output:
Change Dir: /home/shankar/Desktop/Emulator/build/CMakeFiles/CMakeTmp

Run Build Command(s):/usr/bin/gmake -f Makefile cmTC_5a3d0/fast && /usr/bin/gmake  -f CMakeFiles/cmTC_5a3d0.dir/build.make CMakeFiles/cmTC_5a3d0.dir/build
gmake[1]: Entering directory '/home/shankar/Desktop/Emulator/build/CMakeFiles/CMakeTmp'
Building C object CMakeFiles/cmTC_5a3d0.dir/src.c.o
/usr/bin/cc -DHAVE_VIVANTE_EGL_FB  -idirafter "/home/shankar/Desktop/Emulator/3rdParty/sdl-2.0.20/src/video/khronos"   -o CMakeFiles/cmTC_5a3d0.dir/src.c.o -c /home/shankar/Desktop/Emulator/build/CMakeFiles/CMakeTmp/src.c
/home/shankar/Desktop/Emulator/build/CMakeFiles/CMakeTmp/src.c:4:18: fatal error: EGL/eglvivante.h: No such file or directory
    4 |         #include <EGL/eglvivante.h>
      |                  ^~~~~~~~~~~~~~~~~~
compilation terminated.
gmake[1]: *** [CMakeFiles/cmTC_5a3d0.dir/build.make:78: CMakeFiles/cmTC_5a3d0.dir/src.c.o] Error 1
gmake[1]: Leaving directory '/home/shankar/Desktop/Emulator/build/CMakeFiles/CMakeTmp'
gmake: *** [Makefile:127: cmTC_5a3d0/fast] Error 2


Source file was:

        #define LINUX
        #define EGL_API_FB
        #include <EGL/eglvivante.h>
        int main(int argc, char** argv) {}
Determining if files pthread_np.h exist failed with the following output:
Change Dir: /home/shankar/Desktop/Emulator/build/CMakeFiles/CMakeTmp

Run Build Command(s):/usr/bin/gmake -f Makefile cmTC_40ecb/fast && /usr/bin/gmake  -f CMakeFiles/cmTC_40ecb.dir/build.make CMakeFiles/cmTC_40ecb.dir/build
gmake[1]: Entering directory '/home/shankar/Desktop/Emulator/build/CMakeFiles/CMakeTmp'
Building C object CMakeFiles/cmTC_40ecb.dir/HAVE_PTHREAD_NP_H.c.o
/usr/bin/cc   -idirafter "/home/shankar/Desktop/Emulator/3rdParty/sdl-2.0.20/src/video/khronos"   -D_REENTRANT -pthread -o CMakeFiles/cmTC_40ecb.dir/HAVE_PTHREAD_NP_H.c.o -c /home/shankar/Desktop/Emulator/build/CMakeFiles/CheckIncludeFiles/HAVE_PTHREAD_NP_H.c
/home/shankar/Desktop/Emulator/build/CMakeFiles/CheckIncludeFiles/HAVE_PTHREAD_NP_H.c:2:10: fatal error: pthread_np.h: No such file or directory
    2 | #include <pthread_np.h>
      |          ^~~~~~~~~~~~~~
compilation terminated.
gmake[1]: *** [CMakeFiles/cmTC_40ecb.dir/build.make:78: CMakeFiles/cmTC_40ecb.dir/HAVE_PTHREAD_NP_H.c.o] Error 1
gmake[1]: Leaving directory '/home/shankar/Desktop/Emulator/build/CMakeFiles/CMakeTmp'
gmake: *** [Makefile:127: cmTC_40ecb/fast] Error 2


Source:
/* */
#include <pthread_np.h>


int main(void){return 0;}

